生成启动时间为 2015/5/21 21:43:06。
     1>项目“E:\mfc编程\TIMER\MENU\MENU.vcxproj”在节点 2 上(Build 个目标)。
     1>C:\Program Files (x86)\MSBuild\Microsoft.Cpp\v4.0\V120\Microsoft.CppBuild.targets(388,5): warning MSB8028: The intermediate directory (Release\) contains files shared from another project (MENU.vcxproj).  This can lead to incorrect clean and rebuild behavior.
     1>ClCompile:
         C:\Program Files (x86)\Microsoft Visual Studio 12.0\VC\bin\CL.exe /c /Zi /nologo /W3 /WX- /sdl /O2 /Oi /Oy- /GL /D _USING_V110_SDK71_ /D _MBCS /Gm- /EHsc /MTd /GS /Gy /fp:precise /Zc:wchar_t /Zc:forScope /Fo"Release\\" /Fd"Release\vc120.pdb" /Gd /TP /analyze- /errorReport:prompt main.cpp
         main.cpp
     1>e:\mfc编程\timer\menu\resource.h(8): warning C4005: “IDCANCEL”: 宏重定义
                 C:\Program Files (x86)\Microsoft SDKs\Windows\v7.1A\include\winuser.h(9293) : 参见“IDCANCEL”的前一个定义
     1>main.cpp(126): warning C4244: “参数”: 从“time_t”转换到“unsigned int”，可能丢失数据
     1>main.cpp(334): warning C4018: “<”: 有符号/无符号不匹配
     1>main.cpp(335): warning C4018: “<”: 有符号/无符号不匹配
     1>main.cpp(84): warning C4101: “rect”: 未引用的局部变量
     1>main.cpp(85): warning C4101: “rgn”: 未引用的局部变量
     1>main.cpp(86): warning C4101: “picPath”: 未引用的局部变量
       Link:
         C:\Program Files (x86)\Microsoft Visual Studio 12.0\VC\bin\link.exe /ERRORREPORT:PROMPT /OUT:"E:\mfc编程\TIMER\Release\REDRAW.exe" /NOLOGO kernel32.lib user32.lib gdi32.lib winspool.lib comdlg32.lib advapi32.lib shell32.lib ole32.lib oleaut32.lib uuid.lib odbc32.lib odbccp32.lib /MANIFEST /MANIFESTUAC:"level='asInvoker' uiAccess='false'" /manifest:embed /DEBUG /PDB:"E:\mfc编程\TIMER\Release\REDRAW.pdb" /SUBSYSTEM:WINDOWS,"5.01" /OPT:REF /OPT:ICF /LTCG /TLBID:1 /DYNAMICBASE /NXCOMPAT /IMPLIB:"E:\mfc编程\TIMER\Release\REDRAW.lib" /MACHINE:X86 /SAFESEH Release\Resource.res
         Release\main.obj
         正在生成代码
     1>e:\mfc编程\timer\menu\main.cpp(395): warning C4715: “WinMain”: 不是所有的控件路径都返回值
         已完成代码的生成
         MENU.vcxproj -> E:\mfc编程\TIMER\Release\REDRAW.exe
     1>已完成生成项目“E:\mfc编程\TIMER\MENU\MENU.vcxproj”(Build 个目标)的操作。

生成成功。

已用时间 00:00:05.69
