  main.cpp
e:\windows程序设计\timer\menu\resource.h(8): warning C4005: “IDCANCEL”: 宏重定义
          c:\program files (x86)\microsoft sdks\windows\v7.1a\include\winuser.h(9293) : 参见“IDCANCEL”的前一个定义
e:\windows程序设计\timer\menu\main.cpp(126): warning C4244: “参数”: 从“time_t”转换到“unsigned int”，可能丢失数据
e:\windows程序设计\timer\menu\main.cpp(334): warning C4018: “<”: 有符号/无符号不匹配
e:\windows程序设计\timer\menu\main.cpp(335): warning C4018: “<”: 有符号/无符号不匹配
e:\windows程序设计\timer\menu\main.cpp(84): warning C4101: “rect”: 未引用的局部变量
e:\windows程序设计\timer\menu\main.cpp(85): warning C4101: “rgn”: 未引用的局部变量
e:\windows程序设计\timer\menu\main.cpp(86): warning C4101: “picPath”: 未引用的局部变量
e:\windows程序设计\timer\menu\main.cpp(395): warning C4715: “WinMain”: 不是所有的控件路径都返回值
C:\Program Files (x86)\Microsoft SDKs\Windows\v7.1A\include\winuser.rh(1328): warning RC4005: 'IDCANCEL' : redefinition
  
LINK : fatal error LNK1168: 无法打开 E:\windows程序设计\TIMER\Debug\REDRAW.exe 进行写入

项目性能摘要: 
     7203 毫秒  E:\windows程序设计\TIMER\MENU\MENU.vcxproj     1 次调用
               7203 毫秒  Build                                      1 次调用

目标性能摘要: 
        0 毫秒  BeforeResourceCompile                      1 次调用
        0 毫秒  AfterMidl                                  1 次调用
        0 毫秒  ComputeCLInputPDBName                      1 次调用
        0 毫秒  ComputeManifestInputsTargets               1 次调用
        0 毫秒  AfterBuildCompileEvent                     1 次调用
        0 毫秒  BeforeLink                                 1 次调用
        0 毫秒  CreateCustomManifestResourceNames          1 次调用
        0 毫秒  GetReferenceAssemblyPaths                  1 次调用
        0 毫秒  _ClCompile                                 1 次调用
        0 毫秒  SelectCustomBuild                          1 次调用
        0 毫秒  _Midl                                      1 次调用
        0 毫秒  _PrepareForBuild                           1 次调用
        0 毫秒  _SelectedFiles                             1 次调用
        0 毫秒  GetResolvedWinMD                           1 次调用
        0 毫秒  ResolveReferences                          1 次调用
        0 毫秒  ComputeManifestGeneratedLinkerInputs       1 次调用
        0 毫秒  AfterBuildGenerateSources                  1 次调用
        0 毫秒  BuildCompileTraverse                       1 次调用
        0 毫秒  ExpandSDKReferences                        1 次调用
        0 毫秒  SelectResourceCompile                      1 次调用
        0 毫秒  ComputeRCOutputs                           1 次调用
        0 毫秒  ComputeLinkInputsFromProject               1 次调用
        0 毫秒  _ResourceCompile                           1 次调用
        0 毫秒  MakeDirsForResourceCompile                 1 次调用
        0 毫秒  ComputeCustomBuildOutput                   1 次调用
        0 毫秒  _Xsd                                       1 次调用
        0 毫秒  AfterResourceCompile                       1 次调用
        0 毫秒  BuildGenerateSources                       1 次调用
        0 毫秒  PreLinkEvent                               1 次调用
        0 毫秒  _PrepareForReferenceResolution             1 次调用
        0 毫秒  ComputeMIDLGeneratedCompileInputs          1 次调用
        0 毫秒  BeforeResolveReferences                    1 次调用
        0 毫秒  _SplitProjectReferencesByFileExistence     1 次调用
        0 毫秒  ResolveProjectReferences                   1 次调用
        0 毫秒  ComputeCLGeneratedLinkInputs               1 次调用
        0 毫秒  ResolveSDKReferences                       1 次调用
        0 毫秒  AssignTargetPaths                          1 次调用
        0 毫秒  _BuildGenerateSourcesAction                1 次调用
        0 毫秒  ComputeLegacyManifestEmbedding             1 次调用
        0 毫秒  MakeDirsForMidl                            1 次调用
        0 毫秒  PreBuildEvent                              1 次调用
        0 毫秒  ComputeReferenceCLInput                    1 次调用
        0 毫秒  BeforeBuildGenerateSources                 1 次调用
        0 毫秒  DoLinkOutputFilesMatch                     1 次调用
        0 毫秒  AfterResolveReferences                     1 次调用
        0 毫秒  BeforeClCompile                            1 次调用
        0 毫秒  BuildGenerateSourcesTraverse               1 次调用
        0 毫秒  PrepareResourceNames                       1 次调用
        0 毫秒  AfterClCompile                             1 次调用
        0 毫秒  SplitResourcesByCulture                    1 次调用
        0 毫秒  PlatformPrepareForBuild                    1 次调用
        0 毫秒  GetInstalledSDKLocations                   1 次调用
        0 毫秒  _BuildCompileAction                        1 次调用
        0 毫秒  ComputeRCGeneratedLinkInputs               1 次调用
        0 毫秒  BuildCompile                               1 次调用
        0 毫秒  AfterBuildGenerateSourcesEvent             1 次调用
        1 毫秒  BuildLinkTraverse                          1 次调用
        1 毫秒  AssignProjectConfiguration                 1 次调用
        1 毫秒  NoSupportCodeAnalysisXP                    1 次调用
        1 毫秒  CheckWindowsSDK71A                         1 次调用
        1 毫秒  ComputeLinkSwitches                        1 次调用
        1 毫秒  SelectClCompile                            1 次调用
        1 毫秒  ComputeCLOutputs                           1 次调用
        1 毫秒  MakeDirsForLink                            1 次调用
        1 毫秒  MakeDirsForCl                              1 次调用
        1 毫秒  GetFrameworkPaths                          1 次调用
        1 毫秒  SetBuildDefaultEnvironmentVariables        1 次调用
        1 毫秒  ResolveAssemblyReferences                  1 次调用
        1 毫秒  WarnCompileDuplicatedFilename              1 次调用
        1 毫秒  _CheckForInvalidConfigurationAndPlatform   1 次调用
        2 毫秒  PrepareForBuild                            1 次调用
        3 毫秒  SetCABuildNativeEnvironmentVariables       1 次调用
        3 毫秒  InitializeBuildStatus                      1 次调用
      338 毫秒  Link                                       1 次调用
      609 毫秒  ResourceCompile                            1 次调用
     6227 毫秒  ClCompile                                  1 次调用
