e:\mfc编程\壁纸\wallpaper4\debug\vc120.pdb
e:\mfc编程\壁纸\wallpaper4\debug\vc120.idb
e:\mfc编程\壁纸\wallpaper4\debug\main.obj
e:\windows程序设计\壁纸\wallpaper4\debug\vc120.pdb
e:\windows程序设计\壁纸\wallpaper4\debug\vc120.idb
e:\windows程序设计\壁纸\wallpaper4\debug\main.obj
e:\windows程序设计\壁纸\debug\wallpaper4.ilk
e:\windows程序设计\壁纸\debug\wallpaper4.exe
e:\windows程序设计\壁纸\debug\wallpaper4.pdb
e:\mfc编程\壁纸\wallpaper4\debug\wallpaper1.res
e:\windows程序设计\壁纸\wallpaper4\debug\wallpaper1.res
e:\windows程序设计\壁纸\wallpaper4\debug\wallpaper4.tlog\cl.command.1.tlog
e:\windows程序设计\壁纸\wallpaper4\debug\wallpaper4.tlog\cl.read.1.tlog
e:\windows程序设计\壁纸\wallpaper4\debug\wallpaper4.tlog\cl.write.1.tlog
e:\windows程序设计\壁纸\wallpaper4\debug\wallpaper4.tlog\link.command.1.tlog
e:\windows程序设计\壁纸\wallpaper4\debug\wallpaper4.tlog\link.read.1.tlog
e:\windows程序设计\壁纸\wallpaper4\debug\wallpaper4.tlog\link.write.1.tlog
e:\windows程序设计\壁纸\wallpaper4\debug\wallpaper4.tlog\rc.command.1.tlog
e:\windows程序设计\壁纸\wallpaper4\debug\wallpaper4.tlog\rc.read.1.tlog
e:\windows程序设计\壁纸\wallpaper4\debug\wallpaper4.tlog\rc.write.1.tlog
