  main.cpp
main.cpp(50): warning C4101: “count”: 未引用的局部变量
main.cpp(49): warning C4101: “szBuffer”: 未引用的局部变量
main.cpp(112): warning C4101: “pBackFileName”: 未引用的局部变量
main.cpp(112): warning C4101: “pCurrentFileName”: 未引用的局部变量
main.cpp(148): warning C4244: “=”: 从“DWORD64”转换到“unsigned int”，可能丢失数据
main.cpp(152): warning C4244: “=”: 从“DWORD64”转换到“unsigned int”，可能丢失数据
main.cpp(156): warning C4244: “=”: 从“DWORD64”转换到“unsigned int”，可能丢失数据
main.cpp(160): warning C4244: “=”: 从“DWORD64”转换到“unsigned int”，可能丢失数据
main.cpp(262): warning C4018: “<”: 有符号/无符号不匹配
main.cpp(466): warning C4018: “<”: 有符号/无符号不匹配
main.cpp(497): warning C4018: “<”: 有符号/无符号不匹配
main.cpp(686): warning C4390: “;”: 找到空的受控语句；这是否是有意的?
main.cpp(699): warning C4390: “;”: 找到空的受控语句；这是否是有意的?
main.cpp(789): warning C4800: “LRESULT”: 将值强制为布尔值“true”或“false”(性能警告)
main.cpp(790): warning C4800: “LRESULT”: 将值强制为布尔值“true”或“false”(性能警告)
main.cpp(791): warning C4800: “LRESULT”: 将值强制为布尔值“true”或“false”(性能警告)
main.cpp(792): warning C4800: “LRESULT”: 将值强制为布尔值“true”或“false”(性能警告)
main.cpp(832): warning C4018: “<”: 有符号/无符号不匹配
main.cpp(834): warning C4018: “<”: 有符号/无符号不匹配
main.cpp(861): warning C4390: “;”: 找到空的受控语句；这是否是有意的?
main.cpp(952): warning C4018: “>=”: 有符号/无符号不匹配
main.cpp(997): warning C4244: “参数”: 从“time_t”转换到“unsigned int”，可能丢失数据
main.cpp(1032): warning C4018: “<”: 有符号/无符号不匹配
main.cpp(1013): warning C4101: “rect”: 未引用的局部变量
main.cpp(1014): warning C4101: “size”: 未引用的局部变量
main.cpp(1357): warning C4101: “bitmap”: 未引用的局部变量
